mode: atomic
github.com/ainsleyclark/ainsley.dev/api/lib/stringutil/stringutil.go:13.39,16.2 2 5
github.com/ainsleyclark/ainsley.dev/api/lib/gateway/slack/slack.go:29.42,34.2 1 1
github.com/ainsleyclark/ainsley.dev/api/lib/gateway/slack/slack.go:40.74,47.16 3 2
github.com/ainsleyclark/ainsley.dev/api/lib/gateway/slack/slack.go:54.2,54.12 1 1
github.com/ainsleyclark/ainsley.dev/api/lib/gateway/slack/slack.go:47.16,53.3 1 1
github.com/ainsleyclark/ainsley.dev/api/httpservice/service.go:11.53,13.2 1 0
github.com/ainsleyclark/ainsley.dev/api/httpservice/test.gen.go:79.70,85.25 2 0
github.com/ainsleyclark/ainsley.dev/api/httpservice/test.gen.go:91.2,91.44 1 0
github.com/ainsleyclark/ainsley.dev/api/httpservice/test.gen.go:95.2,95.26 1 0
github.com/ainsleyclark/ainsley.dev/api/httpservice/test.gen.go:98.2,98.21 1 0
github.com/ainsleyclark/ainsley.dev/api/httpservice/test.gen.go:85.25,86.36 1 0
github.com/ainsleyclark/ainsley.dev/api/httpservice/test.gen.go:86.36,88.4 1 0
github.com/ainsleyclark/ainsley.dev/api/httpservice/test.gen.go:91.44,93.3 1 0
github.com/ainsleyclark/ainsley.dev/api/httpservice/test.gen.go:95.26,97.3 1 0
github.com/ainsleyclark/ainsley.dev/api/httpservice/test.gen.go:103.56,104.31 1 0
github.com/ainsleyclark/ainsley.dev/api/httpservice/test.gen.go:104.31,107.3 2 0
github.com/ainsleyclark/ainsley.dev/api/httpservice/test.gen.go:112.59,113.31 1 0
github.com/ainsleyclark/ainsley.dev/api/httpservice/test.gen.go:113.31,116.3 2 0
github.com/ainsleyclark/ainsley.dev/api/httpservice/test.gen.go:127.149,129.16 2 0
github.com/ainsleyclark/ainsley.dev/api/httpservice/test.gen.go:132.2,133.61 2 0
github.com/ainsleyclark/ainsley.dev/api/httpservice/test.gen.go:136.2,136.25 1 0
github.com/ainsleyclark/ainsley.dev/api/httpservice/test.gen.go:129.16,131.3 1 0
github.com/ainsleyclark/ainsley.dev/api/httpservice/test.gen.go:133.61,135.3 1 0
github.com/ainsleyclark/ainsley.dev/api/httpservice/test.gen.go:139.137,141.16 2 0
github.com/ainsleyclark/ainsley.dev/api/httpservice/test.gen.go:144.2,145.61 2 0
github.com/ainsleyclark/ainsley.dev/api/httpservice/test.gen.go:148.2,148.25 1 0
github.com/ainsleyclark/ainsley.dev/api/httpservice/test.gen.go:141.16,143.3 1 0
github.com/ainsleyclark/ainsley.dev/api/httpservice/test.gen.go:145.61,147.3 1 0
github.com/ainsleyclark/ainsley.dev/api/httpservice/test.gen.go:152.97,155.16 3 0
github.com/ainsleyclark/ainsley.dev/api/httpservice/test.gen.go:158.2,159.77 2 0
github.com/ainsleyclark/ainsley.dev/api/httpservice/test.gen.go:155.16,157.3 1 0
github.com/ainsleyclark/ainsley.dev/api/httpservice/test.gen.go:163.109,167.16 3 0
github.com/ainsleyclark/ainsley.dev/api/httpservice/test.gen.go:171.2,172.29 2 0
github.com/ainsleyclark/ainsley.dev/api/httpservice/test.gen.go:176.2,177.16 2 0
github.com/ainsleyclark/ainsley.dev/api/httpservice/test.gen.go:181.2,182.16 2 0
github.com/ainsleyclark/ainsley.dev/api/httpservice/test.gen.go:186.2,188.17 2 0
github.com/ainsleyclark/ainsley.dev/api/httpservice/test.gen.go:167.16,169.3 1 0
github.com/ainsleyclark/ainsley.dev/api/httpservice/test.gen.go:172.29,174.3 1 0
github.com/ainsleyclark/ainsley.dev/api/httpservice/test.gen.go:177.16,179.3 1 0
github.com/ainsleyclark/ainsley.dev/api/httpservice/test.gen.go:182.16,184.3 1 0
github.com/ainsleyclark/ainsley.dev/api/httpservice/test.gen.go:191.114,192.37 1 0
github.com/ainsleyclark/ainsley.dev/api/httpservice/test.gen.go:197.2,197.38 1 0
github.com/ainsleyclark/ainsley.dev/api/httpservice/test.gen.go:202.2,202.12 1 0
github.com/ainsleyclark/ainsley.dev/api/httpservice/test.gen.go:192.37,193.37 1 0
github.com/ainsleyclark/ainsley.dev/api/httpservice/test.gen.go:193.37,195.4 1 0
github.com/ainsleyclark/ainsley.dev/api/httpservice/test.gen.go:197.38,198.37 1 0
github.com/ainsleyclark/ainsley.dev/api/httpservice/test.gen.go:198.37,200.4 1 0
github.com/ainsleyclark/ainsley.dev/api/httpservice/test.gen.go:212.96,214.16 2 0
github.com/ainsleyclark/ainsley.dev/api/httpservice/test.gen.go:217.2,217.42 1 0
github.com/ainsleyclark/ainsley.dev/api/httpservice/test.gen.go:214.16,216.3 1 0
github.com/ainsleyclark/ainsley.dev/api/httpservice/test.gen.go:221.47,222.31 1 0
github.com/ainsleyclark/ainsley.dev/api/httpservice/test.gen.go:222.31,224.17 2 0
github.com/ainsleyclark/ainsley.dev/api/httpservice/test.gen.go:227.3,228.13 2 0
github.com/ainsleyclark/ainsley.dev/api/httpservice/test.gen.go:224.17,226.4 1 0
github.com/ainsleyclark/ainsley.dev/api/httpservice/test.gen.go:246.45,247.27 1 0
github.com/ainsleyclark/ainsley.dev/api/httpservice/test.gen.go:250.2,250.27 1 0
github.com/ainsleyclark/ainsley.dev/api/httpservice/test.gen.go:247.27,249.3 1 0
github.com/ainsleyclark/ainsley.dev/api/httpservice/test.gen.go:254.46,255.27 1 0
github.com/ainsleyclark/ainsley.dev/api/httpservice/test.gen.go:258.2,258.10 1 0
github.com/ainsleyclark/ainsley.dev/api/httpservice/test.gen.go:255.27,257.3 1 0
github.com/ainsleyclark/ainsley.dev/api/httpservice/test.gen.go:262.179,264.16 2 0
github.com/ainsleyclark/ainsley.dev/api/httpservice/test.gen.go:267.2,267.37 1 0
github.com/ainsleyclark/ainsley.dev/api/httpservice/test.gen.go:264.16,266.3 1 0
github.com/ainsleyclark/ainsley.dev/api/httpservice/test.gen.go:270.167,272.16 2 0
github.com/ainsleyclark/ainsley.dev/api/httpservice/test.gen.go:275.2,275.37 1 0
github.com/ainsleyclark/ainsley.dev/api/httpservice/test.gen.go:272.16,274.3 1 0
github.com/ainsleyclark/ainsley.dev/api/httpservice/test.gen.go:279.79,281.15 2 0
github.com/ainsleyclark/ainsley.dev/api/httpservice/test.gen.go:282.2,282.16 1 0
github.com/ainsleyclark/ainsley.dev/api/httpservice/test.gen.go:286.2,291.22 2 0
github.com/ainsleyclark/ainsley.dev/api/httpservice/test.gen.go:281.15,281.39 1 0
github.com/ainsleyclark/ainsley.dev/api/httpservice/test.gen.go:282.16,284.3 1 0
github.com/ainsleyclark/ainsley.dev/api/httpservice/test.gen.go:307.69,315.2 4 0
github.com/ainsleyclark/ainsley.dev/api/httpservice/test.gen.go:333.62,335.2 1 0
github.com/ainsleyclark/ainsley.dev/api/httpservice/test.gen.go:339.89,347.2 2 0
github.com/ainsleyclark/ainsley.dev/api/httpservice/test.gen.go:365.35,367.16 2 1
github.com/ainsleyclark/ainsley.dev/api/httpservice/test.gen.go:370.2,371.16 2 1
github.com/ainsleyclark/ainsley.dev/api/httpservice/test.gen.go:374.2,376.16 3 1
github.com/ainsleyclark/ainsley.dev/api/httpservice/test.gen.go:380.2,380.25 1 1
github.com/ainsleyclark/ainsley.dev/api/httpservice/test.gen.go:367.16,369.3 1 0
github.com/ainsleyclark/ainsley.dev/api/httpservice/test.gen.go:371.16,373.3 1 0
github.com/ainsleyclark/ainsley.dev/api/httpservice/test.gen.go:376.16,378.3 1 0
github.com/ainsleyclark/ainsley.dev/api/httpservice/test.gen.go:386.48,388.32 2 1
github.com/ainsleyclark/ainsley.dev/api/httpservice/test.gen.go:388.32,390.3 1 0
github.com/ainsleyclark/ainsley.dev/api/httpservice/test.gen.go:394.73,396.25 2 0
github.com/ainsleyclark/ainsley.dev/api/httpservice/test.gen.go:400.2,400.12 1 0
github.com/ainsleyclark/ainsley.dev/api/httpservice/test.gen.go:396.25,398.3 1 0
github.com/ainsleyclark/ainsley.dev/api/httpservice/test.gen.go:408.52,413.87 4 0
github.com/ainsleyclark/ainsley.dev/api/httpservice/test.gen.go:423.2,425.16 3 0
github.com/ainsleyclark/ainsley.dev/api/httpservice/test.gen.go:428.2,429.16 2 0
github.com/ainsleyclark/ainsley.dev/api/httpservice/test.gen.go:432.2,432.8 1 0
github.com/ainsleyclark/ainsley.dev/api/httpservice/test.gen.go:413.87,417.10 4 0
github.com/ainsleyclark/ainsley.dev/api/httpservice/test.gen.go:421.3,421.19 1 0
github.com/ainsleyclark/ainsley.dev/api/httpservice/test.gen.go:417.10,420.4 2 0
github.com/ainsleyclark/ainsley.dev/api/httpservice/test.gen.go:425.16,427.3 1 0
github.com/ainsleyclark/ainsley.dev/api/httpservice/test.gen.go:429.16,431.3 1 0
